2019-06-24 15:26:30,264 [INFO] from play.api.db.DefaultDBApi in play-dev-mode-akka.actor.default-dispatcher-8 - Database [default] initialized at jdbc:postgresql://localhost:5432/dana-instant
2019-06-24 15:26:30,275 [INFO] from application in play-dev-mode-akka.actor.default-dispatcher-8 - Creating Pool for datasource 'default'
2019-06-24 15:26:31,866 [INFO] from play.api.http.EnabledFilters in play-dev-mode-akka.actor.default-dispatcher-8 - Enabled Filters (see <https://www.playframework.com/documentation/latest/Filters>):

    play.filters.csrf.CSRFFilter
    play.filters.headers.SecurityHeadersFilter
    play.filters.hosts.AllowedHostsFilter

2019-06-24 15:26:32,004 [INFO] from play.api.Play in play-dev-mode-akka.actor.default-dispatcher-8 - Application started (Dev) (no global state)
2019-06-24 15:27:47,028 [ERROR] from application in application-akka.actor.default-dispatcher-4 - 

! @7ca8kjfjf - Internal server error, for (POST) [/graphql] ->
 
play.api.http.HttpErrorHandlerExceptions$$anon$1: Execution exception[[SchemaClassScannerError: No Root resolvers for mutation type 'Mutation' found!  Provide one or more com.coxautodev.graphql.tools.GraphQLMutationResolver to the builder.]]
	at play.api.http.HttpErrorHandlerExceptions$.throwableToUsefulException(HttpErrorHandler.scala:351)
	at play.api.http.DefaultHttpErrorHandler.onServerError(HttpErrorHandler.scala:267)
	at play.core.server.AkkaHttpServer$$anonfun$1.applyOrElse(AkkaHttpServer.scala:448)
	at play.core.server.AkkaHttpServer$$anonfun$1.applyOrElse(AkkaHttpServer.scala:446)
	at scala.concurrent.Future.$anonfun$recoverWith$1(Future.scala:417)
	at scala.concurrent.impl.Promise.$anonfun$transformWith$1(Promise.scala:41)
	at scala.concurrent.impl.CallbackRunnable.run(Promise.scala:64)
	at akka.dispatch.BatchingExecutor$AbstractBatch.processBatch(BatchingExecutor.scala:55)
	at akka.dispatch.BatchingExecutor$BlockableBatch.$anonfun$run$1(BatchingExecutor.scala:92)
	at scala.runtime.java8.JFunction0$mcV$sp.apply(JFunction0$mcV$sp.java:23)
	at scala.concurrent.BlockContext$.withBlockContext(BlockContext.scala:85)
	at akka.dispatch.BatchingExecutor$BlockableBatch.run(BatchingExecutor.scala:92)
	at akka.dispatch.TaskInvocation.run(AbstractDispatcher.scala:40)
	at akka.dispatch.ForkJoinExecutorConfigurator$AkkaForkJoinTask.exec(ForkJoinExecutorConfigurator.scala:49)
	at akka.dispatch.forkjoin.ForkJoinTask.doExec(ForkJoinTask.java:260)
	at akka.dispatch.forkjoin.ForkJoinPool$WorkQueue.runTask(ForkJoinPool.java:1339)
	at akka.dispatch.forkjoin.ForkJoinPool.runWorker(ForkJoinPool.java:1979)
	at akka.dispatch.forkjoin.ForkJoinWorkerThread.run(ForkJoinWorkerThread.java:107)
Caused by: com.coxautodev.graphql.tools.SchemaClassScannerError: No Root resolvers for mutation type 'Mutation' found!  Provide one or more com.coxautodev.graphql.tools.GraphQLMutationResolver to the builder.
	at com.coxautodev.graphql.tools.SchemaClassScanner$RootTypesHolder.createRootType(SchemaClassScanner.kt:424)
	at com.coxautodev.graphql.tools.SchemaClassScanner$RootTypesHolder.<init>(SchemaClassScanner.kt:406)
	at com.coxautodev.graphql.tools.SchemaClassScanner.scanForClasses(SchemaClassScanner.kt:78)
	at com.coxautodev.graphql.tools.SchemaParserBuilder.scan(SchemaParserBuilder.kt:151)
	at com.coxautodev.graphql.tools.SchemaParserBuilder.build(SchemaParserBuilder.kt:157)
	at controllers.GraphQLController.buildSchema(GraphQLController.java:45)
	at controllers.GraphQLController.graphql(GraphQLController.java:31)
	at router.Routes$$anonfun$routes$1.$anonfun$applyOrElse$9(Routes.scala:157)
	at play.core.routing.HandlerInvokerFactory$$anon$8.resultCall(HandlerInvoker.scala:151)
	at play.core.routing.HandlerInvokerFactory$$anon$8.resultCall(HandlerInvoker.scala:150)
	at play.core.routing.HandlerInvokerFactory$JavaActionInvokerFactory$$anon$3$$anon$4$$anon$5.invocation(HandlerInvoker.scala:116)
	at play.core.j.JavaAction$$anon$1.call(JavaAction.scala:131)
	at play.mvc.Action.lambda$call$0(Action.java:89)
	at java.util.Optional.map(Optional.java:215)
	at play.mvc.Action.call(Action.java:81)
	at play.http.DefaultActionCreator$1.call(DefaultActionCreator.java:33)
	at play.core.j.JavaAction.$anonfun$apply$8(JavaAction.scala:191)
	at scala.concurrent.Future$.$anonfun$apply$1(Future.scala:658)
	at scala.util.Success.$anonfun$map$1(Try.scala:255)
	at scala.util.Success.map(Try.scala:213)
	at scala.concurrent.Future.$anonfun$map$1(Future.scala:292)
	at scala.concurrent.impl.Promise.liftedTree1$1(Promise.scala:33)
	at scala.concurrent.impl.Promise.$anonfun$transform$1(Promise.scala:33)
	at scala.concurrent.impl.CallbackRunnable.run(Promise.scala:64)
	at play.core.j.HttpExecutionContext$$anon$2.run(HttpExecutionContext.scala:79)
	at play.api.libs.streams.Execution$trampoline$.execute(Execution.scala:72)
	at play.core.j.HttpExecutionContext.execute(HttpExecutionContext.scala:71)
	at scala.concurrent.impl.CallbackRunnable.executeWithValue(Promise.scala:72)
	at scala.concurrent.impl.Promise$KeptPromise$Kept.onComplete(Promise.scala:372)
	at scala.concurrent.impl.Promise$KeptPromise$Kept.onComplete$(Promise.scala:371)
	at scala.concurrent.impl.Promise$KeptPromise$Successful.onComplete(Promise.scala:379)
	at scala.concurrent.impl.Promise.transform(Promise.scala:33)
	at scala.concurrent.impl.Promise.transform$(Promise.scala:31)
	at scala.concurrent.impl.Promise$KeptPromise$Successful.transform(Promise.scala:379)
	at scala.concurrent.Future.map(Future.scala:292)
	at scala.concurrent.Future.map$(Future.scala:292)
	at scala.concurrent.impl.Promise$KeptPromise$Successful.map(Promise.scala:379)
	at scala.concurrent.Future$.apply(Future.scala:658)
	at play.core.j.JavaAction.apply(JavaAction.scala:192)
	at play.api.mvc.Action.$anonfun$apply$2(Action.scala:98)
	at scala.concurrent.Future.$anonfun$flatMap$1(Future.scala:307)
	... 13 common frames omitted
2019-06-24 15:28:11,829 [ERROR] from application in play-dev-mode-akka.actor.default-dispatcher-7 - 

! @7ca8kl093 - Internal server error, for (POST) [/graphql] ->
 
play.sbt.PlayExceptions$CompilationException: Compilation error[method resolvers in class com.coxautodev.graphql.tools.SchemaParserBuilder cannot be applied to given types;
  required: com.coxautodev.graphql.tools.GraphQLResolver<?>[]
  found: resolvers.Query,resolvers.Mutation
  reason: varargs mismatch; resolvers.Mutation cannot be converted to com.coxautodev.graphql.tools.GraphQLResolver<?>]
	at play.sbt.PlayExceptions$CompilationException$.apply(PlayExceptions.scala:37)
	at play.sbt.PlayExceptions$CompilationException$.apply(PlayExceptions.scala:37)
	at scala.Option.map(Option.scala:146)
	at play.sbt.run.PlayReload$.$anonfun$taskFailureHandler$1(PlayReload.scala:41)
	at scala.Option.map(Option.scala:146)
	at play.sbt.run.PlayReload$.taskFailureHandler(PlayReload.scala:36)
	at play.sbt.run.PlayReload$.compileFailure(PlayReload.scala:29)
	at play.sbt.run.PlayReload$.$anonfun$compile$3(PlayReload.scala:64)
	at scala.util.Either$LeftProjection.map(Either.scala:569)
	at play.sbt.run.PlayReload$.compile(PlayReload.scala:64)
	at play.sbt.run.PlayRun$.$anonfun$playRunTask$4(PlayRun.scala:80)
	at play.runsupport.Reloader.$anonfun$reload$1(Reloader.scala:501)
	at play.runsupport.Reloader$$anon$1.run(Reloader.scala:58)
	at java.security.AccessController.doPrivileged(Native Method)
	at play.runsupport.Reloader$.play$runsupport$Reloader$$withReloaderContextClassLoader(Reloader.scala:64)
	at play.runsupport.Reloader.reload(Reloader.scala:501)
	at play.core.server.DevServerStart$$anon$1.get(DevServerStart.scala:143)
	at play.core.server.AkkaHttpServer.handleRequest(AkkaHttpServer.scala:304)
	at play.core.server.AkkaHttpServer.$anonfun$createServerBinding$1(AkkaHttpServer.scala:189)
	at akka.stream.impl.fusing.MapAsync$$anon$30.onPush(Ops.scala:1262)
	at akka.stream.impl.fusing.GraphInterpreter.processPush(GraphInterpreter.scala:523)
	at akka.stream.impl.fusing.GraphInterpreter.execute(GraphInterpreter.scala:409)
	at akka.stream.impl.fusing.GraphInterpreterShell.runBatch(ActorGraphInterpreter.scala:599)
	at akka.stream.impl.fusing.GraphInterpreterShell$AsyncInput.execute(ActorGraphInterpreter.scala:480)
	at akka.stream.impl.fusing.GraphInterpreterShell.processEvent(ActorGraphInterpreter.scala:574)
	at akka.stream.impl.fusing.ActorGraphInterpreter.akka$stream$impl$fusing$ActorGraphInterpreter$$processEvent(ActorGraphInterpreter.scala:742)
	at akka.stream.impl.fusing.ActorGraphInterpreter$$anonfun$receive$1.applyOrElse(ActorGraphInterpreter.scala:757)
	at akka.actor.Actor.aroundReceive(Actor.scala:539)
	at akka.actor.Actor.aroundReceive$(Actor.scala:537)
	at akka.stream.impl.fusing.ActorGraphInterpreter.aroundReceive(ActorGraphInterpreter.scala:664)
	at akka.actor.ActorCell.receiveMessage(ActorCell.scala:610)
	at akka.actor.ActorCell.invoke(ActorCell.scala:579)
	at akka.dispatch.Mailbox.processMailbox(Mailbox.scala:268)
	at akka.dispatch.Mailbox.run(Mailbox.scala:229)
	at akka.dispatch.Mailbox.exec(Mailbox.scala:241)
	at akka.dispatch.forkjoin.ForkJoinTask.doExec(ForkJoinTask.java:260)
	at akka.dispatch.forkjoin.ForkJoinPool$WorkQueue.runTask(ForkJoinPool.java:1339)
	at akka.dispatch.forkjoin.ForkJoinPool.runWorker(ForkJoinPool.java:1979)
	at akka.dispatch.forkjoin.ForkJoinWorkerThread.run(ForkJoinWorkerThread.java:107)
2019-06-24 15:28:41,158 [INFO] from application in application-akka.actor.default-dispatcher-4 - Shutting down connection pool.
2019-06-24 15:28:41,360 [INFO] from play.api.db.DefaultDBApi in play-dev-mode-akka.actor.default-dispatcher-4 - Database [default] initialized at jdbc:postgresql://localhost:5432/dana-instant
2019-06-24 15:28:41,360 [INFO] from application in play-dev-mode-akka.actor.default-dispatcher-4 - Creating Pool for datasource 'default'
2019-06-24 15:28:41,472 [INFO] from play.api.http.EnabledFilters in play-dev-mode-akka.actor.default-dispatcher-4 - Enabled Filters (see <https://www.playframework.com/documentation/latest/Filters>):

    play.filters.csrf.CSRFFilter
    play.filters.headers.SecurityHeadersFilter
    play.filters.hosts.AllowedHostsFilter

2019-06-24 15:28:41,485 [INFO] from play.api.Play in play-dev-mode-akka.actor.default-dispatcher-4 - Application started (Dev) (no global state)
2019-06-24 15:28:41,709 [DEBUG] from io.ebean.SQL in application-akka.actor.default-dispatcher-3 - txn[1001] insert into borrower (name, email) values (?,?); --bind(dede andres,dede.andres@dana.id)
2019-06-24 15:28:41,713 [DEBUG] from io.ebean.SUM in application-akka.actor.default-dispatcher-3 - txn[1001] Inserted [Borrower] [6]
2019-06-24 15:28:41,713 [DEBUG] from io.ebean.TXN in application-akka.actor.default-dispatcher-3 - txn[1001] Commit
2019-06-24 15:28:41,761 [DEBUG] from io.ebean.SQL in application-akka.actor.default-dispatcher-3 - txn[1002] select t0.id, t0.name, t0.email from borrower t0 where lower(t0.name) like ? escape'|' ; --bind(%dede andres%)
2019-06-24 15:28:41,763 [DEBUG] from io.ebean.SUM in application-akka.actor.default-dispatcher-3 - txn[1002] FindMany type[Borrower] origin[Bu0Bn_.A.A] exeMicros[13384] rows[1] predicates[lower(t0.name) like ? escape'|' ] bind[%dede andres%]
2019-06-24 15:29:18,444 [DEBUG] from io.ebean.SQL in application-akka.actor.default-dispatcher-2 - txn[1003] select t0.id, t0.name, t0.email from borrower t0; --bind()
2019-06-24 15:29:18,445 [DEBUG] from io.ebean.SUM in application-akka.actor.default-dispatcher-2 - txn[1003] FindMany type[Borrower] origin[Bu0Bn_.A.A] exeMicros[1369] rows[6] predicates[] bind[]
2019-06-24 15:34:22,566 [INFO] from application in application-akka.actor.default-dispatcher-2 - Shutting down connection pool.
2019-06-24 15:34:22,736 [INFO] from play.api.db.DefaultDBApi in play-dev-mode-akka.actor.default-dispatcher-15 - Database [default] initialized at jdbc:postgresql://localhost:5432/dana-instant
2019-06-24 15:34:22,736 [INFO] from application in play-dev-mode-akka.actor.default-dispatcher-15 - Creating Pool for datasource 'default'
2019-06-24 15:34:22,860 [INFO] from play.api.http.EnabledFilters in play-dev-mode-akka.actor.default-dispatcher-15 - Enabled Filters (see <https://www.playframework.com/documentation/latest/Filters>):

    play.filters.csrf.CSRFFilter
    play.filters.headers.SecurityHeadersFilter
    play.filters.hosts.AllowedHostsFilter

2019-06-24 15:34:22,880 [INFO] from play.api.Play in play-dev-mode-akka.actor.default-dispatcher-15 - Application started (Dev) (no global state)
2019-06-24 15:34:22,927 [DEBUG] from io.ebean.SQL in application-akka.actor.default-dispatcher-3 - txn[1001] select t0.id, t0.name, t0.email from borrower t0 where lower(t0.name) like ? escape'|' ; --bind(%rudi%)
2019-06-24 15:34:22,927 [DEBUG] from io.ebean.SUM in application-akka.actor.default-dispatcher-3 - txn[1001] FindMany type[Borrower] origin[Bu0Bn_.A.A] exeMicros[2952] rows[1] predicates[lower(t0.name) like ? escape'|' ] bind[%rudi%]
2019-06-24 15:34:22,929 [DEBUG] from io.ebean.SQL in application-akka.actor.default-dispatcher-3 - txn[1002] delete from borrower where id=?; --bind(5)
2019-06-24 15:34:22,933 [DEBUG] from io.ebean.SUM in application-akka.actor.default-dispatcher-3 - txn[1002] Deleted [Borrower] [5]
2019-06-24 15:34:22,934 [DEBUG] from io.ebean.TXN in application-akka.actor.default-dispatcher-3 - txn[1002] Commit
2019-06-24 15:34:26,754 [DEBUG] from io.ebean.SQL in application-akka.actor.default-dispatcher-3 - txn[1003] select t0.id, t0.name, t0.email from borrower t0 where lower(t0.name) like ? escape'|' ; --bind(%rudi%)
2019-06-24 15:34:26,754 [DEBUG] from io.ebean.SUM in application-akka.actor.default-dispatcher-3 - txn[1003] FindMany type[Borrower] origin[Bu0Bn_.A.A] exeMicros[778] rows[0] predicates[lower(t0.name) like ? escape'|' ] bind[%rudi%]
2019-06-24 15:34:26,757 [WARN] from graphql.execution.SimpleDataFetcherExceptionHandler in application-akka.actor.default-dispatcher-3 - Exception while fetching data (/deleteBorrower) : null
java.lang.NullPointerException: null
	at repositories.BorrowerRepository.deleteBorrower(BorrowerRepository.java:42)
	at resolvers.Mutation.deleteBorrower(Mutation.java:17)
	at resolvers.MutationMethodAccess.invoke(Unknown Source)
	at com.coxautodev.graphql.tools.MethodFieldResolverDataFetcher.get(MethodFieldResolver.kt:146)
	at graphql.execution.ExecutionStrategy.fetchField(ExecutionStrategy.java:258)
	at graphql.execution.ExecutionStrategy.resolveFieldWithInfo(ExecutionStrategy.java:199)
	at graphql.execution.ExecutionStrategy.resolveField(ExecutionStrategy.java:172)
	at graphql.execution.AsyncSerialExecutionStrategy.lambda$execute$1(AsyncSerialExecutionStrategy.java:43)
	at graphql.execution.Async.eachSequentiallyImpl(Async.java:75)
	at graphql.execution.Async.eachSequentially(Async.java:64)
	at graphql.execution.AsyncSerialExecutionStrategy.execute(AsyncSerialExecutionStrategy.java:38)
	at graphql.execution.Execution.executeOperation(Execution.java:158)
	at graphql.execution.Execution.execute(Execution.java:100)
	at graphql.GraphQL.execute(GraphQL.java:554)
	at graphql.GraphQL.parseValidateAndExecute(GraphQL.java:496)
	at graphql.GraphQL.executeAsync(GraphQL.java:470)
	at graphql.GraphQL.execute(GraphQL.java:401)
	at controllers.GraphQLController.graphql(GraphQLController.java:35)
	at router.Routes$$anonfun$routes$1.$anonfun$applyOrElse$9(Routes.scala:157)
	at play.core.routing.HandlerInvokerFactory$$anon$8.resultCall(HandlerInvoker.scala:151)
	at play.core.routing.HandlerInvokerFactory$$anon$8.resultCall(HandlerInvoker.scala:150)
	at play.core.routing.HandlerInvokerFactory$JavaActionInvokerFactory$$anon$3$$anon$4$$anon$5.invocation(HandlerInvoker.scala:116)
	at play.core.j.JavaAction$$anon$1.call(JavaAction.scala:131)
	at play.mvc.Action.lambda$call$0(Action.java:89)
	at java.util.Optional.map(Optional.java:215)
	at play.mvc.Action.call(Action.java:81)
	at play.http.DefaultActionCreator$1.call(DefaultActionCreator.java:33)
	at play.core.j.JavaAction.$anonfun$apply$8(JavaAction.scala:191)
	at scala.concurrent.Future$.$anonfun$apply$1(Future.scala:658)
	at scala.util.Success.$anonfun$map$1(Try.scala:255)
	at scala.util.Success.map(Try.scala:213)
	at scala.concurrent.Future.$anonfun$map$1(Future.scala:292)
	at scala.concurrent.impl.Promise.liftedTree1$1(Promise.scala:33)
	at scala.concurrent.impl.Promise.$anonfun$transform$1(Promise.scala:33)
	at scala.concurrent.impl.CallbackRunnable.run(Promise.scala:64)
	at play.core.j.HttpExecutionContext$$anon$2.run(HttpExecutionContext.scala:79)
	at play.api.libs.streams.Execution$trampoline$.execute(Execution.scala:72)
	at play.core.j.HttpExecutionContext.execute(HttpExecutionContext.scala:71)
	at scala.concurrent.impl.CallbackRunnable.executeWithValue(Promise.scala:72)
	at scala.concurrent.impl.Promise$KeptPromise$Kept.onComplete(Promise.scala:372)
	at scala.concurrent.impl.Promise$KeptPromise$Kept.onComplete$(Promise.scala:371)
	at scala.concurrent.impl.Promise$KeptPromise$Successful.onComplete(Promise.scala:379)
	at scala.concurrent.impl.Promise.transform(Promise.scala:33)
	at scala.concurrent.impl.Promise.transform$(Promise.scala:31)
	at scala.concurrent.impl.Promise$KeptPromise$Successful.transform(Promise.scala:379)
	at scala.concurrent.Future.map(Future.scala:292)
	at scala.concurrent.Future.map$(Future.scala:292)
	at scala.concurrent.impl.Promise$KeptPromise$Successful.map(Promise.scala:379)
	at scala.concurrent.Future$.apply(Future.scala:658)
	at play.core.j.JavaAction.apply(JavaAction.scala:192)
	at play.api.mvc.Action.$anonfun$apply$2(Action.scala:98)
	at scala.concurrent.Future.$anonfun$flatMap$1(Future.scala:307)
	at scala.concurrent.impl.Promise.$anonfun$transformWith$1(Promise.scala:41)
	at scala.concurrent.impl.CallbackRunnable.run(Promise.scala:64)
	at akka.dispatch.BatchingExecutor$AbstractBatch.processBatch(BatchingExecutor.scala:55)
	at akka.dispatch.BatchingExecutor$BlockableBatch.$anonfun$run$1(BatchingExecutor.scala:92)
	at scala.runtime.java8.JFunction0$mcV$sp.apply(JFunction0$mcV$sp.java:23)
	at scala.concurrent.BlockContext$.withBlockContext(BlockContext.scala:85)
	at akka.dispatch.BatchingExecutor$BlockableBatch.run(BatchingExecutor.scala:92)
	at akka.dispatch.TaskInvocation.run(AbstractDispatcher.scala:40)
	at akka.dispatch.ForkJoinExecutorConfigurator$AkkaForkJoinTask.exec(ForkJoinExecutorConfigurator.scala:49)
	at akka.dispatch.forkjoin.ForkJoinTask.doExec(ForkJoinTask.java:260)
	at akka.dispatch.forkjoin.ForkJoinPool$WorkQueue.runTask(ForkJoinPool.java:1339)
	at akka.dispatch.forkjoin.ForkJoinPool.runWorker(ForkJoinPool.java:1979)
	at akka.dispatch.forkjoin.ForkJoinWorkerThread.run(ForkJoinWorkerThread.java:107)
2019-06-24 15:34:45,403 [DEBUG] from io.ebean.SQL in application-akka.actor.default-dispatcher-5 - txn[1004] select t0.id, t0.name, t0.email from borrower t0 where lower(t0.name) like ? escape'|' ; --bind(%admin%)
2019-06-24 15:34:45,404 [DEBUG] from io.ebean.SUM in application-akka.actor.default-dispatcher-5 - txn[1004] FindMany type[Borrower] origin[Bu0Bn_.A.A] exeMicros[587] rows[2] predicates[lower(t0.name) like ? escape'|' ] bind[%admin%]
2019-06-24 15:34:45,404 [WARN] from graphql.execution.SimpleDataFetcherExceptionHandler in application-akka.actor.default-dispatcher-5 - Exception while fetching data (/deleteBorrower) : Unique expecting 0 or 1 results but got [2]
javax.persistence.NonUniqueResultException: Unique expecting 0 or 1 results but got [2]
	at io.ebeaninternal.server.core.DefaultServer.extractUnique(DefaultServer.java:1268)
	at io.ebeaninternal.server.core.DefaultServer.findOne(DefaultServer.java:1260)
	at io.ebeaninternal.server.querydefn.DefaultOrmQuery.findOne(DefaultOrmQuery.java:1501)
	at io.ebeaninternal.server.expression.DefaultExpressionList.findOne(DefaultExpressionList.java:453)
	at repositories.BorrowerRepository.getBorrrowerbyName(BorrowerRepository.java:36)
	at repositories.BorrowerRepository.deleteBorrower(BorrowerRepository.java:41)
	at resolvers.Mutation.deleteBorrower(Mutation.java:17)
	at resolvers.MutationMethodAccess.invoke(Unknown Source)
	at com.coxautodev.graphql.tools.MethodFieldResolverDataFetcher.get(MethodFieldResolver.kt:146)
	at graphql.execution.ExecutionStrategy.fetchField(ExecutionStrategy.java:258)
	at graphql.execution.ExecutionStrategy.resolveFieldWithInfo(ExecutionStrategy.java:199)
	at graphql.execution.ExecutionStrategy.resolveField(ExecutionStrategy.java:172)
	at graphql.execution.AsyncSerialExecutionStrategy.lambda$execute$1(AsyncSerialExecutionStrategy.java:43)
	at graphql.execution.Async.eachSequentiallyImpl(Async.java:75)
	at graphql.execution.Async.eachSequentially(Async.java:64)
	at graphql.execution.AsyncSerialExecutionStrategy.execute(AsyncSerialExecutionStrategy.java:38)
	at graphql.execution.Execution.executeOperation(Execution.java:158)
	at graphql.execution.Execution.execute(Execution.java:100)
	at graphql.GraphQL.execute(GraphQL.java:554)
	at graphql.GraphQL.parseValidateAndExecute(GraphQL.java:496)
	at graphql.GraphQL.executeAsync(GraphQL.java:470)
	at graphql.GraphQL.execute(GraphQL.java:401)
	at controllers.GraphQLController.graphql(GraphQLController.java:35)
	at router.Routes$$anonfun$routes$1.$anonfun$applyOrElse$9(Routes.scala:157)
	at play.core.routing.HandlerInvokerFactory$$anon$8.resultCall(HandlerInvoker.scala:151)
	at play.core.routing.HandlerInvokerFactory$$anon$8.resultCall(HandlerInvoker.scala:150)
	at play.core.routing.HandlerInvokerFactory$JavaActionInvokerFactory$$anon$3$$anon$4$$anon$5.invocation(HandlerInvoker.scala:116)
	at play.core.j.JavaAction$$anon$1.call(JavaAction.scala:131)
	at play.mvc.Action.lambda$call$0(Action.java:89)
	at java.util.Optional.map(Optional.java:215)
	at play.mvc.Action.call(Action.java:81)
	at play.http.DefaultActionCreator$1.call(DefaultActionCreator.java:33)
	at play.core.j.JavaAction.$anonfun$apply$8(JavaAction.scala:191)
	at scala.concurrent.Future$.$anonfun$apply$1(Future.scala:658)
	at scala.util.Success.$anonfun$map$1(Try.scala:255)
	at scala.util.Success.map(Try.scala:213)
	at scala.concurrent.Future.$anonfun$map$1(Future.scala:292)
	at scala.concurrent.impl.Promise.liftedTree1$1(Promise.scala:33)
	at scala.concurrent.impl.Promise.$anonfun$transform$1(Promise.scala:33)
	at scala.concurrent.impl.CallbackRunnable.run(Promise.scala:64)
	at play.core.j.HttpExecutionContext$$anon$2.run(HttpExecutionContext.scala:79)
	at play.api.libs.streams.Execution$trampoline$.execute(Execution.scala:72)
	at play.core.j.HttpExecutionContext.execute(HttpExecutionContext.scala:71)
	at scala.concurrent.impl.CallbackRunnable.executeWithValue(Promise.scala:72)
	at scala.concurrent.impl.Promise$KeptPromise$Kept.onComplete(Promise.scala:372)
	at scala.concurrent.impl.Promise$KeptPromise$Kept.onComplete$(Promise.scala:371)
	at scala.concurrent.impl.Promise$KeptPromise$Successful.onComplete(Promise.scala:379)
	at scala.concurrent.impl.Promise.transform(Promise.scala:33)
	at scala.concurrent.impl.Promise.transform$(Promise.scala:31)
	at scala.concurrent.impl.Promise$KeptPromise$Successful.transform(Promise.scala:379)
	at scala.concurrent.Future.map(Future.scala:292)
	at scala.concurrent.Future.map$(Future.scala:292)
	at scala.concurrent.impl.Promise$KeptPromise$Successful.map(Promise.scala:379)
	at scala.concurrent.Future$.apply(Future.scala:658)
	at play.core.j.JavaAction.apply(JavaAction.scala:192)
	at play.api.mvc.Action.$anonfun$apply$2(Action.scala:98)
	at scala.concurrent.Future.$anonfun$flatMap$1(Future.scala:307)
	at scala.concurrent.impl.Promise.$anonfun$transformWith$1(Promise.scala:41)
	at scala.concurrent.impl.CallbackRunnable.run(Promise.scala:64)
	at akka.dispatch.BatchingExecutor$AbstractBatch.processBatch(BatchingExecutor.scala:55)
	at akka.dispatch.BatchingExecutor$BlockableBatch.$anonfun$run$1(BatchingExecutor.scala:92)
	at scala.runtime.java8.JFunction0$mcV$sp.apply(JFunction0$mcV$sp.java:23)
	at scala.concurrent.BlockContext$.withBlockContext(BlockContext.scala:85)
	at akka.dispatch.BatchingExecutor$BlockableBatch.run(BatchingExecutor.scala:92)
	at akka.dispatch.TaskInvocation.run(AbstractDispatcher.scala:40)
	at akka.dispatch.ForkJoinExecutorConfigurator$AkkaForkJoinTask.exec(ForkJoinExecutorConfigurator.scala:49)
	at akka.dispatch.forkjoin.ForkJoinTask.doExec(ForkJoinTask.java:260)
	at akka.dispatch.forkjoin.ForkJoinPool$WorkQueue.runTask(ForkJoinPool.java:1339)
	at akka.dispatch.forkjoin.ForkJoinPool.runWorker(ForkJoinPool.java:1979)
	at akka.dispatch.forkjoin.ForkJoinWorkerThread.run(ForkJoinWorkerThread.java:107)
2019-06-24 15:34:47,320 [DEBUG] from io.ebean.SQL in application-akka.actor.default-dispatcher-5 - txn[1005] select t0.id, t0.name, t0.email from borrower t0 where lower(t0.name) like ? escape'|' ; --bind(%admin%)
2019-06-24 15:34:47,320 [DEBUG] from io.ebean.SUM in application-akka.actor.default-dispatcher-5 - txn[1005] FindMany type[Borrower] origin[Bu0Bn_.A.A] exeMicros[604] rows[2] predicates[lower(t0.name) like ? escape'|' ] bind[%admin%]
2019-06-24 15:34:47,321 [WARN] from graphql.execution.SimpleDataFetcherExceptionHandler in application-akka.actor.default-dispatcher-5 - Exception while fetching data (/deleteBorrower) : Unique expecting 0 or 1 results but got [2]
javax.persistence.NonUniqueResultException: Unique expecting 0 or 1 results but got [2]
	at io.ebeaninternal.server.core.DefaultServer.extractUnique(DefaultServer.java:1268)
	at io.ebeaninternal.server.core.DefaultServer.findOne(DefaultServer.java:1260)
	at io.ebeaninternal.server.querydefn.DefaultOrmQuery.findOne(DefaultOrmQuery.java:1501)
	at io.ebeaninternal.server.expression.DefaultExpressionList.findOne(DefaultExpressionList.java:453)
	at repositories.BorrowerRepository.getBorrrowerbyName(BorrowerRepository.java:36)
	at repositories.BorrowerRepository.deleteBorrower(BorrowerRepository.java:41)
	at resolvers.Mutation.deleteBorrower(Mutation.java:17)
	at resolvers.MutationMethodAccess.invoke(Unknown Source)
	at com.coxautodev.graphql.tools.MethodFieldResolverDataFetcher.get(MethodFieldResolver.kt:146)
	at graphql.execution.ExecutionStrategy.fetchField(ExecutionStrategy.java:258)
	at graphql.execution.ExecutionStrategy.resolveFieldWithInfo(ExecutionStrategy.java:199)
	at graphql.execution.ExecutionStrategy.resolveField(ExecutionStrategy.java:172)
	at graphql.execution.AsyncSerialExecutionStrategy.lambda$execute$1(AsyncSerialExecutionStrategy.java:43)
	at graphql.execution.Async.eachSequentiallyImpl(Async.java:75)
	at graphql.execution.Async.eachSequentially(Async.java:64)
	at graphql.execution.AsyncSerialExecutionStrategy.execute(AsyncSerialExecutionStrategy.java:38)
	at graphql.execution.Execution.executeOperation(Execution.java:158)
	at graphql.execution.Execution.execute(Execution.java:100)
	at graphql.GraphQL.execute(GraphQL.java:554)
	at graphql.GraphQL.parseValidateAndExecute(GraphQL.java:496)
	at graphql.GraphQL.executeAsync(GraphQL.java:470)
	at graphql.GraphQL.execute(GraphQL.java:401)
	at controllers.GraphQLController.graphql(GraphQLController.java:35)
	at router.Routes$$anonfun$routes$1.$anonfun$applyOrElse$9(Routes.scala:157)
	at play.core.routing.HandlerInvokerFactory$$anon$8.resultCall(HandlerInvoker.scala:151)
	at play.core.routing.HandlerInvokerFactory$$anon$8.resultCall(HandlerInvoker.scala:150)
	at play.core.routing.HandlerInvokerFactory$JavaActionInvokerFactory$$anon$3$$anon$4$$anon$5.invocation(HandlerInvoker.scala:116)
	at play.core.j.JavaAction$$anon$1.call(JavaAction.scala:131)
	at play.mvc.Action.lambda$call$0(Action.java:89)
	at java.util.Optional.map(Optional.java:215)
	at play.mvc.Action.call(Action.java:81)
	at play.http.DefaultActionCreator$1.call(DefaultActionCreator.java:33)
	at play.core.j.JavaAction.$anonfun$apply$8(JavaAction.scala:191)
	at scala.concurrent.Future$.$anonfun$apply$1(Future.scala:658)
	at scala.util.Success.$anonfun$map$1(Try.scala:255)
	at scala.util.Success.map(Try.scala:213)
	at scala.concurrent.Future.$anonfun$map$1(Future.scala:292)
	at scala.concurrent.impl.Promise.liftedTree1$1(Promise.scala:33)
	at scala.concurrent.impl.Promise.$anonfun$transform$1(Promise.scala:33)
	at scala.concurrent.impl.CallbackRunnable.run(Promise.scala:64)
	at play.core.j.HttpExecutionContext$$anon$2.run(HttpExecutionContext.scala:79)
	at play.api.libs.streams.Execution$trampoline$.execute(Execution.scala:72)
	at play.core.j.HttpExecutionContext.execute(HttpExecutionContext.scala:71)
	at scala.concurrent.impl.CallbackRunnable.executeWithValue(Promise.scala:72)
	at scala.concurrent.impl.Promise$KeptPromise$Kept.onComplete(Promise.scala:372)
	at scala.concurrent.impl.Promise$KeptPromise$Kept.onComplete$(Promise.scala:371)
	at scala.concurrent.impl.Promise$KeptPromise$Successful.onComplete(Promise.scala:379)
	at scala.concurrent.impl.Promise.transform(Promise.scala:33)
	at scala.concurrent.impl.Promise.transform$(Promise.scala:31)
	at scala.concurrent.impl.Promise$KeptPromise$Successful.transform(Promise.scala:379)
	at scala.concurrent.Future.map(Future.scala:292)
	at scala.concurrent.Future.map$(Future.scala:292)
	at scala.concurrent.impl.Promise$KeptPromise$Successful.map(Promise.scala:379)
	at scala.concurrent.Future$.apply(Future.scala:658)
	at play.core.j.JavaAction.apply(JavaAction.scala:192)
	at play.api.mvc.Action.$anonfun$apply$2(Action.scala:98)
	at scala.concurrent.Future.$anonfun$flatMap$1(Future.scala:307)
	at scala.concurrent.impl.Promise.$anonfun$transformWith$1(Promise.scala:41)
	at scala.concurrent.impl.CallbackRunnable.run(Promise.scala:64)
	at akka.dispatch.BatchingExecutor$AbstractBatch.processBatch(BatchingExecutor.scala:55)
	at akka.dispatch.BatchingExecutor$BlockableBatch.$anonfun$run$1(BatchingExecutor.scala:92)
	at scala.runtime.java8.JFunction0$mcV$sp.apply(JFunction0$mcV$sp.java:23)
	at scala.concurrent.BlockContext$.withBlockContext(BlockContext.scala:85)
	at akka.dispatch.BatchingExecutor$BlockableBatch.run(BatchingExecutor.scala:92)
	at akka.dispatch.TaskInvocation.run(AbstractDispatcher.scala:40)
	at akka.dispatch.ForkJoinExecutorConfigurator$AkkaForkJoinTask.exec(ForkJoinExecutorConfigurator.scala:49)
	at akka.dispatch.forkjoin.ForkJoinTask.doExec(ForkJoinTask.java:260)
	at akka.dispatch.forkjoin.ForkJoinPool$WorkQueue.runTask(ForkJoinPool.java:1339)
	at akka.dispatch.forkjoin.ForkJoinPool.runWorker(ForkJoinPool.java:1979)
	at akka.dispatch.forkjoin.ForkJoinWorkerThread.run(ForkJoinWorkerThread.java:107)
2019-06-24 15:35:37,088 [DEBUG] from io.ebean.SQL in application-akka.actor.default-dispatcher-4 - txn[1006] select t0.id, t0.name, t0.email from borrower t0 where lower(t0.name) like ? escape'|' ; --bind(%admin%)
2019-06-24 15:35:37,089 [DEBUG] from io.ebean.SUM in application-akka.actor.default-dispatcher-4 - txn[1006] FindMany type[Borrower] origin[Bu0Bn_.A.A] exeMicros[5157] rows[0] predicates[lower(t0.name) like ? escape'|' ] bind[%admin%]
2019-06-24 15:35:37,098 [WARN] from graphql.execution.SimpleDataFetcherExceptionHandler in application-akka.actor.default-dispatcher-4 - Exception while fetching data (/deleteBorrower) : null
java.lang.NullPointerException: null
	at repositories.BorrowerRepository.deleteBorrower(BorrowerRepository.java:42)
	at resolvers.Mutation.deleteBorrower(Mutation.java:17)
	at resolvers.MutationMethodAccess.invoke(Unknown Source)
	at com.coxautodev.graphql.tools.MethodFieldResolverDataFetcher.get(MethodFieldResolver.kt:146)
	at graphql.execution.ExecutionStrategy.fetchField(ExecutionStrategy.java:258)
	at graphql.execution.ExecutionStrategy.resolveFieldWithInfo(ExecutionStrategy.java:199)
	at graphql.execution.ExecutionStrategy.resolveField(ExecutionStrategy.java:172)
	at graphql.execution.AsyncSerialExecutionStrategy.lambda$execute$1(AsyncSerialExecutionStrategy.java:43)
	at graphql.execution.Async.eachSequentiallyImpl(Async.java:75)
	at graphql.execution.Async.eachSequentially(Async.java:64)
	at graphql.execution.AsyncSerialExecutionStrategy.execute(AsyncSerialExecutionStrategy.java:38)
	at graphql.execution.Execution.executeOperation(Execution.java:158)
	at graphql.execution.Execution.execute(Execution.java:100)
	at graphql.GraphQL.execute(GraphQL.java:554)
	at graphql.GraphQL.parseValidateAndExecute(GraphQL.java:496)
	at graphql.GraphQL.executeAsync(GraphQL.java:470)
	at graphql.GraphQL.execute(GraphQL.java:401)
	at controllers.GraphQLController.graphql(GraphQLController.java:35)
	at router.Routes$$anonfun$routes$1.$anonfun$applyOrElse$9(Routes.scala:157)
	at play.core.routing.HandlerInvokerFactory$$anon$8.resultCall(HandlerInvoker.scala:151)
	at play.core.routing.HandlerInvokerFactory$$anon$8.resultCall(HandlerInvoker.scala:150)
	at play.core.routing.HandlerInvokerFactory$JavaActionInvokerFactory$$anon$3$$anon$4$$anon$5.invocation(HandlerInvoker.scala:116)
	at play.core.j.JavaAction$$anon$1.call(JavaAction.scala:131)
	at play.mvc.Action.lambda$call$0(Action.java:89)
	at java.util.Optional.map(Optional.java:215)
	at play.mvc.Action.call(Action.java:81)
	at play.http.DefaultActionCreator$1.call(DefaultActionCreator.java:33)
	at play.core.j.JavaAction.$anonfun$apply$8(JavaAction.scala:191)
	at scala.concurrent.Future$.$anonfun$apply$1(Future.scala:658)
	at scala.util.Success.$anonfun$map$1(Try.scala:255)
	at scala.util.Success.map(Try.scala:213)
	at scala.concurrent.Future.$anonfun$map$1(Future.scala:292)
	at scala.concurrent.impl.Promise.liftedTree1$1(Promise.scala:33)
	at scala.concurrent.impl.Promise.$anonfun$transform$1(Promise.scala:33)
	at scala.concurrent.impl.CallbackRunnable.run(Promise.scala:64)
	at play.core.j.HttpExecutionContext$$anon$2.run(HttpExecutionContext.scala:79)
	at play.api.libs.streams.Execution$trampoline$.execute(Execution.scala:72)
	at play.core.j.HttpExecutionContext.execute(HttpExecutionContext.scala:71)
	at scala.concurrent.impl.CallbackRunnable.executeWithValue(Promise.scala:72)
	at scala.concurrent.impl.Promise$KeptPromise$Kept.onComplete(Promise.scala:372)
	at scala.concurrent.impl.Promise$KeptPromise$Kept.onComplete$(Promise.scala:371)
	at scala.concurrent.impl.Promise$KeptPromise$Successful.onComplete(Promise.scala:379)
	at scala.concurrent.impl.Promise.transform(Promise.scala:33)
	at scala.concurrent.impl.Promise.transform$(Promise.scala:31)
	at scala.concurrent.impl.Promise$KeptPromise$Successful.transform(Promise.scala:379)
	at scala.concurrent.Future.map(Future.scala:292)
	at scala.concurrent.Future.map$(Future.scala:292)
	at scala.concurrent.impl.Promise$KeptPromise$Successful.map(Promise.scala:379)
	at scala.concurrent.Future$.apply(Future.scala:658)
	at play.core.j.JavaAction.apply(JavaAction.scala:192)
	at play.api.mvc.Action.$anonfun$apply$2(Action.scala:98)
	at scala.concurrent.Future.$anonfun$flatMap$1(Future.scala:307)
	at scala.concurrent.impl.Promise.$anonfun$transformWith$1(Promise.scala:41)
	at scala.concurrent.impl.CallbackRunnable.run(Promise.scala:64)
	at akka.dispatch.BatchingExecutor$AbstractBatch.processBatch(BatchingExecutor.scala:55)
	at akka.dispatch.BatchingExecutor$BlockableBatch.$anonfun$run$1(BatchingExecutor.scala:92)
	at scala.runtime.java8.JFunction0$mcV$sp.apply(JFunction0$mcV$sp.java:23)
	at scala.concurrent.BlockContext$.withBlockContext(BlockContext.scala:85)
	at akka.dispatch.BatchingExecutor$BlockableBatch.run(BatchingExecutor.scala:92)
	at akka.dispatch.TaskInvocation.run(AbstractDispatcher.scala:40)
	at akka.dispatch.ForkJoinExecutorConfigurator$AkkaForkJoinTask.exec(ForkJoinExecutorConfigurator.scala:49)
	at akka.dispatch.forkjoin.ForkJoinTask.doExec(ForkJoinTask.java:260)
	at akka.dispatch.forkjoin.ForkJoinPool$WorkQueue.runTask(ForkJoinPool.java:1339)
	at akka.dispatch.forkjoin.ForkJoinPool.runWorker(ForkJoinPool.java:1979)
	at akka.dispatch.forkjoin.ForkJoinWorkerThread.run(ForkJoinWorkerThread.java:107)
2019-06-24 15:35:52,886 [DEBUG] from io.ebean.SQL in application-akka.actor.default-dispatcher-4 - txn[1007] select t0.id, t0.name, t0.email from borrower t0 where lower(t0.name) like ? escape'|' ; --bind(%dede%)
2019-06-24 15:35:52,886 [DEBUG] from io.ebean.SUM in application-akka.actor.default-dispatcher-4 - txn[1007] FindMany type[Borrower] origin[Bu0Bn_.A.A] exeMicros[1040] rows[2] predicates[lower(t0.name) like ? escape'|' ] bind[%dede%]
2019-06-24 15:35:52,888 [WARN] from graphql.execution.SimpleDataFetcherExceptionHandler in application-akka.actor.default-dispatcher-4 - Exception while fetching data (/deleteBorrower) : Unique expecting 0 or 1 results but got [2]
javax.persistence.NonUniqueResultException: Unique expecting 0 or 1 results but got [2]
	at io.ebeaninternal.server.core.DefaultServer.extractUnique(DefaultServer.java:1268)
	at io.ebeaninternal.server.core.DefaultServer.findOne(DefaultServer.java:1260)
	at io.ebeaninternal.server.querydefn.DefaultOrmQuery.findOne(DefaultOrmQuery.java:1501)
	at io.ebeaninternal.server.expression.DefaultExpressionList.findOne(DefaultExpressionList.java:453)
	at repositories.BorrowerRepository.getBorrrowerbyName(BorrowerRepository.java:36)
	at repositories.BorrowerRepository.deleteBorrower(BorrowerRepository.java:41)
	at resolvers.Mutation.deleteBorrower(Mutation.java:17)
	at resolvers.MutationMethodAccess.invoke(Unknown Source)
	at com.coxautodev.graphql.tools.MethodFieldResolverDataFetcher.get(MethodFieldResolver.kt:146)
	at graphql.execution.ExecutionStrategy.fetchField(ExecutionStrategy.java:258)
	at graphql.execution.ExecutionStrategy.resolveFieldWithInfo(ExecutionStrategy.java:199)
	at graphql.execution.ExecutionStrategy.resolveField(ExecutionStrategy.java:172)
	at graphql.execution.AsyncSerialExecutionStrategy.lambda$execute$1(AsyncSerialExecutionStrategy.java:43)
	at graphql.execution.Async.eachSequentiallyImpl(Async.java:75)
	at graphql.execution.Async.eachSequentially(Async.java:64)
	at graphql.execution.AsyncSerialExecutionStrategy.execute(AsyncSerialExecutionStrategy.java:38)
	at graphql.execution.Execution.executeOperation(Execution.java:158)
	at graphql.execution.Execution.execute(Execution.java:100)
	at graphql.GraphQL.execute(GraphQL.java:554)
	at graphql.GraphQL.parseValidateAndExecute(GraphQL.java:496)
	at graphql.GraphQL.executeAsync(GraphQL.java:470)
	at graphql.GraphQL.execute(GraphQL.java:401)
	at controllers.GraphQLController.graphql(GraphQLController.java:35)
	at router.Routes$$anonfun$routes$1.$anonfun$applyOrElse$9(Routes.scala:157)
	at play.core.routing.HandlerInvokerFactory$$anon$8.resultCall(HandlerInvoker.scala:151)
	at play.core.routing.HandlerInvokerFactory$$anon$8.resultCall(HandlerInvoker.scala:150)
	at play.core.routing.HandlerInvokerFactory$JavaActionInvokerFactory$$anon$3$$anon$4$$anon$5.invocation(HandlerInvoker.scala:116)
	at play.core.j.JavaAction$$anon$1.call(JavaAction.scala:131)
	at play.mvc.Action.lambda$call$0(Action.java:89)
	at java.util.Optional.map(Optional.java:215)
	at play.mvc.Action.call(Action.java:81)
	at play.http.DefaultActionCreator$1.call(DefaultActionCreator.java:33)
	at play.core.j.JavaAction.$anonfun$apply$8(JavaAction.scala:191)
	at scala.concurrent.Future$.$anonfun$apply$1(Future.scala:658)
	at scala.util.Success.$anonfun$map$1(Try.scala:255)
	at scala.util.Success.map(Try.scala:213)
	at scala.concurrent.Future.$anonfun$map$1(Future.scala:292)
	at scala.concurrent.impl.Promise.liftedTree1$1(Promise.scala:33)
	at scala.concurrent.impl.Promise.$anonfun$transform$1(Promise.scala:33)
	at scala.concurrent.impl.CallbackRunnable.run(Promise.scala:64)
	at play.core.j.HttpExecutionContext$$anon$2.run(HttpExecutionContext.scala:79)
	at play.api.libs.streams.Execution$trampoline$.execute(Execution.scala:72)
	at play.core.j.HttpExecutionContext.execute(HttpExecutionContext.scala:71)
	at scala.concurrent.impl.CallbackRunnable.executeWithValue(Promise.scala:72)
	at scala.concurrent.impl.Promise$KeptPromise$Kept.onComplete(Promise.scala:372)
	at scala.concurrent.impl.Promise$KeptPromise$Kept.onComplete$(Promise.scala:371)
	at scala.concurrent.impl.Promise$KeptPromise$Successful.onComplete(Promise.scala:379)
	at scala.concurrent.impl.Promise.transform(Promise.scala:33)
	at scala.concurrent.impl.Promise.transform$(Promise.scala:31)
	at scala.concurrent.impl.Promise$KeptPromise$Successful.transform(Promise.scala:379)
	at scala.concurrent.Future.map(Future.scala:292)
	at scala.concurrent.Future.map$(Future.scala:292)
	at scala.concurrent.impl.Promise$KeptPromise$Successful.map(Promise.scala:379)
	at scala.concurrent.Future$.apply(Future.scala:658)
	at play.core.j.JavaAction.apply(JavaAction.scala:192)
	at play.api.mvc.Action.$anonfun$apply$2(Action.scala:98)
	at scala.concurrent.Future.$anonfun$flatMap$1(Future.scala:307)
	at scala.concurrent.impl.Promise.$anonfun$transformWith$1(Promise.scala:41)
	at scala.concurrent.impl.CallbackRunnable.run(Promise.scala:64)
	at akka.dispatch.BatchingExecutor$AbstractBatch.processBatch(BatchingExecutor.scala:55)
	at akka.dispatch.BatchingExecutor$BlockableBatch.$anonfun$run$1(BatchingExecutor.scala:92)
	at scala.runtime.java8.JFunction0$mcV$sp.apply(JFunction0$mcV$sp.java:23)
	at scala.concurrent.BlockContext$.withBlockContext(BlockContext.scala:85)
	at akka.dispatch.BatchingExecutor$BlockableBatch.run(BatchingExecutor.scala:92)
	at akka.dispatch.TaskInvocation.run(AbstractDispatcher.scala:40)
	at akka.dispatch.ForkJoinExecutorConfigurator$AkkaForkJoinTask.exec(ForkJoinExecutorConfigurator.scala:49)
	at akka.dispatch.forkjoin.ForkJoinTask.doExec(ForkJoinTask.java:260)
	at akka.dispatch.forkjoin.ForkJoinPool$WorkQueue.runTask(ForkJoinPool.java:1339)
	at akka.dispatch.forkjoin.ForkJoinPool.runWorker(ForkJoinPool.java:1979)
	at akka.dispatch.forkjoin.ForkJoinWorkerThread.run(ForkJoinWorkerThread.java:107)
2019-06-24 15:36:02,303 [DEBUG] from io.ebean.SQL in application-akka.actor.default-dispatcher-4 - txn[1008] select t0.id, t0.name, t0.email from borrower t0 where lower(t0.name) like ? escape'|' ; --bind(%jack%)
2019-06-24 15:36:02,304 [DEBUG] from io.ebean.SUM in application-akka.actor.default-dispatcher-4 - txn[1008] FindMany type[Borrower] origin[Bu0Bn_.A.A] exeMicros[511] rows[1] predicates[lower(t0.name) like ? escape'|' ] bind[%jack%]
2019-06-24 15:36:02,304 [DEBUG] from io.ebean.SQL in application-akka.actor.default-dispatcher-4 - txn[1009] delete from borrower where id=?; --bind(4)
2019-06-24 15:36:02,310 [DEBUG] from io.ebean.SUM in application-akka.actor.default-dispatcher-4 - txn[1009] Deleted [Borrower] [4]
2019-06-24 15:36:02,311 [DEBUG] from io.ebean.TXN in application-akka.actor.default-dispatcher-4 - txn[1009] Commit
2019-06-24 15:36:04,933 [DEBUG] from io.ebean.SQL in application-akka.actor.default-dispatcher-4 - txn[1010] select t0.id, t0.name, t0.email from borrower t0 where lower(t0.name) like ? escape'|' ; --bind(%jack%)
2019-06-24 15:36:04,933 [DEBUG] from io.ebean.SUM in application-akka.actor.default-dispatcher-4 - txn[1010] FindMany type[Borrower] origin[Bu0Bn_.A.A] exeMicros[1426] rows[0] predicates[lower(t0.name) like ? escape'|' ] bind[%jack%]
2019-06-24 15:36:04,933 [WARN] from graphql.execution.SimpleDataFetcherExceptionHandler in application-akka.actor.default-dispatcher-4 - Exception while fetching data (/deleteBorrower) : null
java.lang.NullPointerException: null
	at repositories.BorrowerRepository.deleteBorrower(BorrowerRepository.java:42)
	at resolvers.Mutation.deleteBorrower(Mutation.java:17)
	at resolvers.MutationMethodAccess.invoke(Unknown Source)
	at com.coxautodev.graphql.tools.MethodFieldResolverDataFetcher.get(MethodFieldResolver.kt:146)
	at graphql.execution.ExecutionStrategy.fetchField(ExecutionStrategy.java:258)
	at graphql.execution.ExecutionStrategy.resolveFieldWithInfo(ExecutionStrategy.java:199)
	at graphql.execution.ExecutionStrategy.resolveField(ExecutionStrategy.java:172)
	at graphql.execution.AsyncSerialExecutionStrategy.lambda$execute$1(AsyncSerialExecutionStrategy.java:43)
	at graphql.execution.Async.eachSequentiallyImpl(Async.java:75)
	at graphql.execution.Async.eachSequentially(Async.java:64)
	at graphql.execution.AsyncSerialExecutionStrategy.execute(AsyncSerialExecutionStrategy.java:38)
	at graphql.execution.Execution.executeOperation(Execution.java:158)
	at graphql.execution.Execution.execute(Execution.java:100)
	at graphql.GraphQL.execute(GraphQL.java:554)
	at graphql.GraphQL.parseValidateAndExecute(GraphQL.java:496)
	at graphql.GraphQL.executeAsync(GraphQL.java:470)
	at graphql.GraphQL.execute(GraphQL.java:401)
	at controllers.GraphQLController.graphql(GraphQLController.java:35)
	at router.Routes$$anonfun$routes$1.$anonfun$applyOrElse$9(Routes.scala:157)
	at play.core.routing.HandlerInvokerFactory$$anon$8.resultCall(HandlerInvoker.scala:151)
	at play.core.routing.HandlerInvokerFactory$$anon$8.resultCall(HandlerInvoker.scala:150)
	at play.core.routing.HandlerInvokerFactory$JavaActionInvokerFactory$$anon$3$$anon$4$$anon$5.invocation(HandlerInvoker.scala:116)
	at play.core.j.JavaAction$$anon$1.call(JavaAction.scala:131)
	at play.mvc.Action.lambda$call$0(Action.java:89)
	at java.util.Optional.map(Optional.java:215)
	at play.mvc.Action.call(Action.java:81)
	at play.http.DefaultActionCreator$1.call(DefaultActionCreator.java:33)
	at play.core.j.JavaAction.$anonfun$apply$8(JavaAction.scala:191)
	at scala.concurrent.Future$.$anonfun$apply$1(Future.scala:658)
	at scala.util.Success.$anonfun$map$1(Try.scala:255)
	at scala.util.Success.map(Try.scala:213)
	at scala.concurrent.Future.$anonfun$map$1(Future.scala:292)
	at scala.concurrent.impl.Promise.liftedTree1$1(Promise.scala:33)
	at scala.concurrent.impl.Promise.$anonfun$transform$1(Promise.scala:33)
	at scala.concurrent.impl.CallbackRunnable.run(Promise.scala:64)
	at play.core.j.HttpExecutionContext$$anon$2.run(HttpExecutionContext.scala:79)
	at play.api.libs.streams.Execution$trampoline$.execute(Execution.scala:72)
	at play.core.j.HttpExecutionContext.execute(HttpExecutionContext.scala:71)
	at scala.concurrent.impl.CallbackRunnable.executeWithValue(Promise.scala:72)
	at scala.concurrent.impl.Promise$KeptPromise$Kept.onComplete(Promise.scala:372)
	at scala.concurrent.impl.Promise$KeptPromise$Kept.onComplete$(Promise.scala:371)
	at scala.concurrent.impl.Promise$KeptPromise$Successful.onComplete(Promise.scala:379)
	at scala.concurrent.impl.Promise.transform(Promise.scala:33)
	at scala.concurrent.impl.Promise.transform$(Promise.scala:31)
	at scala.concurrent.impl.Promise$KeptPromise$Successful.transform(Promise.scala:379)
	at scala.concurrent.Future.map(Future.scala:292)
	at scala.concurrent.Future.map$(Future.scala:292)
	at scala.concurrent.impl.Promise$KeptPromise$Successful.map(Promise.scala:379)
	at scala.concurrent.Future$.apply(Future.scala:658)
	at play.core.j.JavaAction.apply(JavaAction.scala:192)
	at play.api.mvc.Action.$anonfun$apply$2(Action.scala:98)
	at scala.concurrent.Future.$anonfun$flatMap$1(Future.scala:307)
	at scala.concurrent.impl.Promise.$anonfun$transformWith$1(Promise.scala:41)
	at scala.concurrent.impl.CallbackRunnable.run(Promise.scala:64)
	at akka.dispatch.BatchingExecutor$AbstractBatch.processBatch(BatchingExecutor.scala:55)
	at akka.dispatch.BatchingExecutor$BlockableBatch.$anonfun$run$1(BatchingExecutor.scala:92)
	at scala.runtime.java8.JFunction0$mcV$sp.apply(JFunction0$mcV$sp.java:23)
	at scala.concurrent.BlockContext$.withBlockContext(BlockContext.scala:85)
	at akka.dispatch.BatchingExecutor$BlockableBatch.run(BatchingExecutor.scala:92)
	at akka.dispatch.TaskInvocation.run(AbstractDispatcher.scala:40)
	at akka.dispatch.ForkJoinExecutorConfigurator$AkkaForkJoinTask.exec(ForkJoinExecutorConfigurator.scala:49)
	at akka.dispatch.forkjoin.ForkJoinTask.doExec(ForkJoinTask.java:260)
	at akka.dispatch.forkjoin.ForkJoinPool$WorkQueue.runTask(ForkJoinPool.java:1339)
	at akka.dispatch.forkjoin.ForkJoinPool.runWorker(ForkJoinPool.java:1979)
	at akka.dispatch.forkjoin.ForkJoinWorkerThread.run(ForkJoinWorkerThread.java:107)
2019-06-24 15:58:46,962 [INFO] from application in application-akka.actor.default-dispatcher-4 - Shutting down connection pool.
2019-06-24 15:58:47,125 [INFO] from play.api.db.DefaultDBApi in play-dev-mode-akka.actor.default-dispatcher-20 - Database [default] initialized at jdbc:postgresql://localhost:5432/dana-instant
2019-06-24 15:58:47,126 [INFO] from application in play-dev-mode-akka.actor.default-dispatcher-20 - Creating Pool for datasource 'default'
2019-06-24 15:58:47,227 [INFO] from play.api.http.EnabledFilters in play-dev-mode-akka.actor.default-dispatcher-20 - Enabled Filters (see <https://www.playframework.com/documentation/latest/Filters>):

    play.filters.csrf.CSRFFilter
    play.filters.headers.SecurityHeadersFilter
    play.filters.hosts.AllowedHostsFilter

2019-06-24 15:58:47,239 [INFO] from play.api.Play in play-dev-mode-akka.actor.default-dispatcher-20 - Application started (Dev) (no global state)
2019-06-24 15:58:47,303 [ERROR] from application in application-akka.actor.default-dispatcher-3 - 

! @7ca8olbgk - Internal server error, for (POST) [/graphql] ->
 
play.api.http.HttpErrorHandlerExceptions$$anon$1: Execution exception[[FieldResolverError: No method found with any of the following signatures (with or without one of [interface graphql.schema.DataFetchingEnvironment] as the last argument), in priority order:

  resolvers.Mutation.updateBorrower(~nameNow, ~updateName, ~email)
  resolvers.Mutation.getUpdateBorrower(~nameNow, ~updateName, ~email)]]
	at play.api.http.HttpErrorHandlerExceptions$.throwableToUsefulException(HttpErrorHandler.scala:351)
	at play.api.http.DefaultHttpErrorHandler.onServerError(HttpErrorHandler.scala:267)
	at play.core.server.AkkaHttpServer$$anonfun$1.applyOrElse(AkkaHttpServer.scala:448)
	at play.core.server.AkkaHttpServer$$anonfun$1.applyOrElse(AkkaHttpServer.scala:446)
	at scala.concurrent.Future.$anonfun$recoverWith$1(Future.scala:417)
	at scala.concurrent.impl.Promise.$anonfun$transformWith$1(Promise.scala:41)
	at scala.concurrent.impl.CallbackRunnable.run(Promise.scala:64)
	at akka.dispatch.BatchingExecutor$AbstractBatch.processBatch(BatchingExecutor.scala:55)
	at akka.dispatch.BatchingExecutor$BlockableBatch.$anonfun$run$1(BatchingExecutor.scala:92)
	at scala.runtime.java8.JFunction0$mcV$sp.apply(JFunction0$mcV$sp.java:23)
	at scala.concurrent.BlockContext$.withBlockContext(BlockContext.scala:85)
	at akka.dispatch.BatchingExecutor$BlockableBatch.run(BatchingExecutor.scala:92)
	at akka.dispatch.TaskInvocation.run(AbstractDispatcher.scala:40)
	at akka.dispatch.ForkJoinExecutorConfigurator$AkkaForkJoinTask.exec(ForkJoinExecutorConfigurator.scala:49)
	at akka.dispatch.forkjoin.ForkJoinTask.doExec(ForkJoinTask.java:260)
	at akka.dispatch.forkjoin.ForkJoinPool$WorkQueue.runTask(ForkJoinPool.java:1339)
	at akka.dispatch.forkjoin.ForkJoinPool.runWorker(ForkJoinPool.java:1979)
	at akka.dispatch.forkjoin.ForkJoinWorkerThread.run(ForkJoinWorkerThread.java:107)
Caused by: com.coxautodev.graphql.tools.FieldResolverError: No method found with any of the following signatures (with or without one of [interface graphql.schema.DataFetchingEnvironment] as the last argument), in priority order:

  resolvers.Mutation.updateBorrower(~nameNow, ~updateName, ~email)
  resolvers.Mutation.getUpdateBorrower(~nameNow, ~updateName, ~email)
	at com.coxautodev.graphql.tools.FieldResolverScanner.missingFieldResolver(FieldResolverScanner.kt:51)
	at com.coxautodev.graphql.tools.FieldResolverScanner.findFieldResolver(FieldResolverScanner.kt:42)
	at com.coxautodev.graphql.tools.SchemaClassScanner.scanResolverInfoForPotentialMatches(SchemaClassScanner.kt:227)
	at com.coxautodev.graphql.tools.SchemaClassScanner.handleRootType(SchemaClassScanner.kt:122)
	at com.coxautodev.graphql.tools.SchemaClassScanner.scanForClasses(SchemaClassScanner.kt:81)
	at com.coxautodev.graphql.tools.SchemaParserBuilder.scan(SchemaParserBuilder.kt:151)
	at com.coxautodev.graphql.tools.SchemaParserBuilder.build(SchemaParserBuilder.kt:157)
	at controllers.GraphQLController.buildSchema(GraphQLController.java:46)
	at controllers.GraphQLController.graphql(GraphQLController.java:32)
	at router.Routes$$anonfun$routes$1.$anonfun$applyOrElse$9(Routes.scala:157)
	at play.core.routing.HandlerInvokerFactory$$anon$8.resultCall(HandlerInvoker.scala:151)
	at play.core.routing.HandlerInvokerFactory$$anon$8.resultCall(HandlerInvoker.scala:150)
	at play.core.routing.HandlerInvokerFactory$JavaActionInvokerFactory$$anon$3$$anon$4$$anon$5.invocation(HandlerInvoker.scala:116)
	at play.core.j.JavaAction$$anon$1.call(JavaAction.scala:131)
	at play.mvc.Action.lambda$call$0(Action.java:89)
	at java.util.Optional.map(Optional.java:215)
	at play.mvc.Action.call(Action.java:81)
	at play.http.DefaultActionCreator$1.call(DefaultActionCreator.java:33)
	at play.core.j.JavaAction.$anonfun$apply$8(JavaAction.scala:191)
	at scala.concurrent.Future$.$anonfun$apply$1(Future.scala:658)
	at scala.util.Success.$anonfun$map$1(Try.scala:255)
	at scala.util.Success.map(Try.scala:213)
	at scala.concurrent.Future.$anonfun$map$1(Future.scala:292)
	at scala.concurrent.impl.Promise.liftedTree1$1(Promise.scala:33)
	at scala.concurrent.impl.Promise.$anonfun$transform$1(Promise.scala:33)
	at scala.concurrent.impl.CallbackRunnable.run(Promise.scala:64)
	at play.core.j.HttpExecutionContext$$anon$2.run(HttpExecutionContext.scala:79)
	at play.api.libs.streams.Execution$trampoline$.execute(Execution.scala:72)
	at play.core.j.HttpExecutionContext.execute(HttpExecutionContext.scala:71)
	at scala.concurrent.impl.CallbackRunnable.executeWithValue(Promise.scala:72)
	at scala.concurrent.impl.Promise$KeptPromise$Kept.onComplete(Promise.scala:372)
	at scala.concurrent.impl.Promise$KeptPromise$Kept.onComplete$(Promise.scala:371)
	at scala.concurrent.impl.Promise$KeptPromise$Successful.onComplete(Promise.scala:379)
	at scala.concurrent.impl.Promise.transform(Promise.scala:33)
	at scala.concurrent.impl.Promise.transform$(Promise.scala:31)
	at scala.concurrent.impl.Promise$KeptPromise$Successful.transform(Promise.scala:379)
	at scala.concurrent.Future.map(Future.scala:292)
	at scala.concurrent.Future.map$(Future.scala:292)
	at scala.concurrent.impl.Promise$KeptPromise$Successful.map(Promise.scala:379)
	at scala.concurrent.Future$.apply(Future.scala:658)
	at play.core.j.JavaAction.apply(JavaAction.scala:192)
	at play.api.mvc.Action.$anonfun$apply$2(Action.scala:98)
	at scala.concurrent.Future.$anonfun$flatMap$1(Future.scala:307)
	... 13 common frames omitted
2019-06-24 16:04:30,699 [INFO] from application in application-akka.actor.default-dispatcher-4 - Shutting down connection pool.
2019-06-24 16:04:30,840 [INFO] from play.api.db.DefaultDBApi in play-dev-mode-akka.actor.default-dispatcher-31 - Database [default] initialized at jdbc:postgresql://localhost:5432/dana-instant
2019-06-24 16:04:30,841 [INFO] from application in play-dev-mode-akka.actor.default-dispatcher-31 - Creating Pool for datasource 'default'
2019-06-24 16:04:30,953 [INFO] from play.api.http.EnabledFilters in play-dev-mode-akka.actor.default-dispatcher-31 - Enabled Filters (see <https://www.playframework.com/documentation/latest/Filters>):

    play.filters.csrf.CSRFFilter
    play.filters.headers.SecurityHeadersFilter
    play.filters.hosts.AllowedHostsFilter

2019-06-24 16:04:30,961 [INFO] from play.api.Play in play-dev-mode-akka.actor.default-dispatcher-31 - Application started (Dev) (no global state)
2019-06-24 16:04:30,998 [ERROR] from application in application-akka.actor.default-dispatcher-4 - 

! @7ca8pf01l - Internal server error, for (POST) [/graphql] ->
 
play.api.http.HttpErrorHandlerExceptions$$anon$1: Execution exception[[FieldResolverError: No method found with any of the following signatures (with or without one of [interface graphql.schema.DataFetchingEnvironment] as the last argument), in priority order:

  resolvers.Mutation.updateBorrower(~nameNow, ~updateName, ~email)
  resolvers.Mutation.getUpdateBorrower(~nameNow, ~updateName, ~email)]]
	at play.api.http.HttpErrorHandlerExceptions$.throwableToUsefulException(HttpErrorHandler.scala:351)
	at play.api.http.DefaultHttpErrorHandler.onServerError(HttpErrorHandler.scala:267)
	at play.core.server.AkkaHttpServer$$anonfun$1.applyOrElse(AkkaHttpServer.scala:448)
	at play.core.server.AkkaHttpServer$$anonfun$1.applyOrElse(AkkaHttpServer.scala:446)
	at scala.concurrent.Future.$anonfun$recoverWith$1(Future.scala:417)
	at scala.concurrent.impl.Promise.$anonfun$transformWith$1(Promise.scala:41)
	at scala.concurrent.impl.CallbackRunnable.run(Promise.scala:64)
	at akka.dispatch.BatchingExecutor$AbstractBatch.processBatch(BatchingExecutor.scala:55)
	at akka.dispatch.BatchingExecutor$BlockableBatch.$anonfun$run$1(BatchingExecutor.scala:92)
	at scala.runtime.java8.JFunction0$mcV$sp.apply(JFunction0$mcV$sp.java:23)
	at scala.concurrent.BlockContext$.withBlockContext(BlockContext.scala:85)
	at akka.dispatch.BatchingExecutor$BlockableBatch.run(BatchingExecutor.scala:92)
	at akka.dispatch.TaskInvocation.run(AbstractDispatcher.scala:40)
	at akka.dispatch.ForkJoinExecutorConfigurator$AkkaForkJoinTask.exec(ForkJoinExecutorConfigurator.scala:49)
	at akka.dispatch.forkjoin.ForkJoinTask.doExec(ForkJoinTask.java:260)
	at akka.dispatch.forkjoin.ForkJoinPool$WorkQueue.runTask(ForkJoinPool.java:1339)
	at akka.dispatch.forkjoin.ForkJoinPool.runWorker(ForkJoinPool.java:1979)
	at akka.dispatch.forkjoin.ForkJoinWorkerThread.run(ForkJoinWorkerThread.java:107)
Caused by: com.coxautodev.graphql.tools.FieldResolverError: No method found with any of the following signatures (with or without one of [interface graphql.schema.DataFetchingEnvironment] as the last argument), in priority order:

  resolvers.Mutation.updateBorrower(~nameNow, ~updateName, ~email)
  resolvers.Mutation.getUpdateBorrower(~nameNow, ~updateName, ~email)
	at com.coxautodev.graphql.tools.FieldResolverScanner.missingFieldResolver(FieldResolverScanner.kt:51)
	at com.coxautodev.graphql.tools.FieldResolverScanner.findFieldResolver(FieldResolverScanner.kt:42)
	at com.coxautodev.graphql.tools.SchemaClassScanner.scanResolverInfoForPotentialMatches(SchemaClassScanner.kt:227)
	at com.coxautodev.graphql.tools.SchemaClassScanner.handleRootType(SchemaClassScanner.kt:122)
	at com.coxautodev.graphql.tools.SchemaClassScanner.scanForClasses(SchemaClassScanner.kt:81)
	at com.coxautodev.graphql.tools.SchemaParserBuilder.scan(SchemaParserBuilder.kt:151)
	at com.coxautodev.graphql.tools.SchemaParserBuilder.build(SchemaParserBuilder.kt:157)
	at controllers.GraphQLController.buildSchema(GraphQLController.java:46)
	at controllers.GraphQLController.graphql(GraphQLController.java:32)
	at router.Routes$$anonfun$routes$1.$anonfun$applyOrElse$9(Routes.scala:157)
	at play.core.routing.HandlerInvokerFactory$$anon$8.resultCall(HandlerInvoker.scala:151)
	at play.core.routing.HandlerInvokerFactory$$anon$8.resultCall(HandlerInvoker.scala:150)
	at play.core.routing.HandlerInvokerFactory$JavaActionInvokerFactory$$anon$3$$anon$4$$anon$5.invocation(HandlerInvoker.scala:116)
	at play.core.j.JavaAction$$anon$1.call(JavaAction.scala:131)
	at play.mvc.Action.lambda$call$0(Action.java:89)
	at java.util.Optional.map(Optional.java:215)
	at play.mvc.Action.call(Action.java:81)
	at play.http.DefaultActionCreator$1.call(DefaultActionCreator.java:33)
	at play.core.j.JavaAction.$anonfun$apply$8(JavaAction.scala:191)
	at scala.concurrent.Future$.$anonfun$apply$1(Future.scala:658)
	at scala.util.Success.$anonfun$map$1(Try.scala:255)
	at scala.util.Success.map(Try.scala:213)
	at scala.concurrent.Future.$anonfun$map$1(Future.scala:292)
	at scala.concurrent.impl.Promise.liftedTree1$1(Promise.scala:33)
	at scala.concurrent.impl.Promise.$anonfun$transform$1(Promise.scala:33)
	at scala.concurrent.impl.CallbackRunnable.run(Promise.scala:64)
	at play.core.j.HttpExecutionContext$$anon$2.run(HttpExecutionContext.scala:79)
	at play.api.libs.streams.Execution$trampoline$.execute(Execution.scala:72)
	at play.core.j.HttpExecutionContext.execute(HttpExecutionContext.scala:71)
	at scala.concurrent.impl.CallbackRunnable.executeWithValue(Promise.scala:72)
	at scala.concurrent.impl.Promise$KeptPromise$Kept.onComplete(Promise.scala:372)
	at scala.concurrent.impl.Promise$KeptPromise$Kept.onComplete$(Promise.scala:371)
	at scala.concurrent.impl.Promise$KeptPromise$Successful.onComplete(Promise.scala:379)
	at scala.concurrent.impl.Promise.transform(Promise.scala:33)
	at scala.concurrent.impl.Promise.transform$(Promise.scala:31)
	at scala.concurrent.impl.Promise$KeptPromise$Successful.transform(Promise.scala:379)
	at scala.concurrent.Future.map(Future.scala:292)
	at scala.concurrent.Future.map$(Future.scala:292)
	at scala.concurrent.impl.Promise$KeptPromise$Successful.map(Promise.scala:379)
	at scala.concurrent.Future$.apply(Future.scala:658)
	at play.core.j.JavaAction.apply(JavaAction.scala:192)
	at play.api.mvc.Action.$anonfun$apply$2(Action.scala:98)
	at scala.concurrent.Future.$anonfun$flatMap$1(Future.scala:307)
	... 13 common frames omitted
2019-06-24 16:05:42,250 [INFO] from application in application-akka.actor.default-dispatcher-3 - Shutting down connection pool.
2019-06-24 16:05:42,385 [INFO] from play.api.db.DefaultDBApi in play-dev-mode-akka.actor.default-dispatcher-31 - Database [default] initialized at jdbc:postgresql://localhost:5432/dana-instant
2019-06-24 16:05:42,385 [INFO] from application in play-dev-mode-akka.actor.default-dispatcher-31 - Creating Pool for datasource 'default'
2019-06-24 16:05:42,480 [INFO] from play.api.http.EnabledFilters in play-dev-mode-akka.actor.default-dispatcher-31 - Enabled Filters (see <https://www.playframework.com/documentation/latest/Filters>):

    play.filters.csrf.CSRFFilter
    play.filters.headers.SecurityHeadersFilter
    play.filters.hosts.AllowedHostsFilter

2019-06-24 16:05:42,491 [INFO] from play.api.Play in play-dev-mode-akka.actor.default-dispatcher-31 - Application started (Dev) (no global state)
2019-06-24 16:05:42,524 [DEBUG] from io.ebean.SQL in application-akka.actor.default-dispatcher-2 - txn[1001] insert into borrower (name, email) values (?,?); --bind(jarvis,jarvis@stark.id)
2019-06-24 16:05:42,533 [DEBUG] from io.ebean.SUM in application-akka.actor.default-dispatcher-2 - txn[1001] Inserted [Borrower] [7]
2019-06-24 16:05:42,533 [DEBUG] from io.ebean.TXN in application-akka.actor.default-dispatcher-2 - txn[1001] Commit
2019-06-24 16:05:42,536 [DEBUG] from io.ebean.SQL in application-akka.actor.default-dispatcher-2 - txn[1002] select t0.id, t0.name, t0.email from borrower t0 where lower(t0.name) like ? escape'|' ; --bind(%jarvis%)
2019-06-24 16:05:42,536 [DEBUG] from io.ebean.SUM in application-akka.actor.default-dispatcher-2 - txn[1002] FindMany type[Borrower] origin[Bu0Bn_.A.A] exeMicros[951] rows[1] predicates[lower(t0.name) like ? escape'|' ] bind[%jarvis%]
2019-06-24 16:06:32,456 [DEBUG] from io.ebean.SUM in application-akka.actor.default-dispatcher-3 - txn[1003] ERROR executing query, bindLog[jarvis stark,jarvis.stark@stark.id,%jarvis%] error[ERROR: function lower(integer) does not exist\n   Hint: No function matches the given name and argument types. You might need to add explicit type casts.\n   Position: 45]
2019-06-24 16:06:32,459 [DEBUG] from io.ebean.TXN in application-akka.actor.default-dispatcher-3 - txn[1003] Commit
2019-06-24 16:06:32,460 [WARN] from graphql.execution.SimpleDataFetcherExceptionHandler in application-akka.actor.default-dispatcher-3 - Exception while fetching data (/updateBorrower) : Query threw SQLException:ERROR: function lower(integer) does not exist
  Hint: No function matches the given name and argument types. You might need to add explicit type casts.
  Position: 45 Bind values:[jarvis stark,jarvis.stark@stark.id,%jarvis%] Query was:update borrower set name=?, email=? where lower(id) like ? escape'|' 
javax.persistence.PersistenceException: Query threw SQLException:ERROR: function lower(integer) does not exist
  Hint: No function matches the given name and argument types. You might need to add explicit type casts.
  Position: 45 Bind values:[jarvis stark,jarvis.stark@stark.id,%jarvis%] Query was:update borrower set name=?, email=? where lower(id) like ? escape'|' 
	at io.ebean.config.dbplatform.SqlCodeTranslator.translate(SqlCodeTranslator.java:52)
	at io.ebean.config.dbplatform.DatabasePlatform.translate(DatabasePlatform.java:219)
	at io.ebeaninternal.server.query.CQueryEngine.translate(CQueryEngine.java:149)
	at io.ebeaninternal.server.query.CQueryEngine.executeUpdate(CQueryEngine.java:93)
	at io.ebeaninternal.server.query.CQueryEngine.update(CQueryEngine.java:77)
	at io.ebeaninternal.server.query.DefaultOrmQueryEngine.update(DefaultOrmQueryEngine.java:76)
	at io.ebeaninternal.server.core.OrmQueryRequest.update(OrmQueryRequest.java:388)
	at io.ebeaninternal.server.core.DefaultServer.update(DefaultServer.java:1440)
	at io.ebeaninternal.server.querydefn.DefaultOrmQuery.update(DefaultOrmQuery.java:1411)
	at io.ebeaninternal.server.querydefn.DefaultUpdateQuery.update(DefaultUpdateQuery.java:64)
	at repositories.BorrowerRepository.updateBorrower(BorrowerRepository.java:47)
	at resolvers.Mutation.updateBorrower(Mutation.java:21)
	at resolvers.MutationMethodAccess.invoke(Unknown Source)
	at com.coxautodev.graphql.tools.MethodFieldResolverDataFetcher.get(MethodFieldResolver.kt:146)
	at graphql.execution.ExecutionStrategy.fetchField(ExecutionStrategy.java:258)
	at graphql.execution.ExecutionStrategy.resolveFieldWithInfo(ExecutionStrategy.java:199)
	at graphql.execution.ExecutionStrategy.resolveField(ExecutionStrategy.java:172)
	at graphql.execution.AsyncSerialExecutionStrategy.lambda$execute$1(AsyncSerialExecutionStrategy.java:43)
	at graphql.execution.Async.eachSequentiallyImpl(Async.java:75)
	at graphql.execution.Async.eachSequentially(Async.java:64)
	at graphql.execution.AsyncSerialExecutionStrategy.execute(AsyncSerialExecutionStrategy.java:38)
	at graphql.execution.Execution.executeOperation(Execution.java:158)
	at graphql.execution.Execution.execute(Execution.java:100)
	at graphql.GraphQL.execute(GraphQL.java:554)
	at graphql.GraphQL.parseValidateAndExecute(GraphQL.java:496)
	at graphql.GraphQL.executeAsync(GraphQL.java:470)
	at graphql.GraphQL.execute(GraphQL.java:401)
	at controllers.GraphQLController.graphql(GraphQLController.java:35)
	at router.Routes$$anonfun$routes$1.$anonfun$applyOrElse$9(Routes.scala:157)
	at play.core.routing.HandlerInvokerFactory$$anon$8.resultCall(HandlerInvoker.scala:151)
	at play.core.routing.HandlerInvokerFactory$$anon$8.resultCall(HandlerInvoker.scala:150)
	at play.core.routing.HandlerInvokerFactory$JavaActionInvokerFactory$$anon$3$$anon$4$$anon$5.invocation(HandlerInvoker.scala:116)
	at play.core.j.JavaAction$$anon$1.call(JavaAction.scala:131)
	at play.mvc.Action.lambda$call$0(Action.java:89)
	at java.util.Optional.map(Optional.java:215)
	at play.mvc.Action.call(Action.java:81)
	at play.http.DefaultActionCreator$1.call(DefaultActionCreator.java:33)
	at play.core.j.JavaAction.$anonfun$apply$8(JavaAction.scala:191)
	at scala.concurrent.Future$.$anonfun$apply$1(Future.scala:658)
	at scala.util.Success.$anonfun$map$1(Try.scala:255)
	at scala.util.Success.map(Try.scala:213)
	at scala.concurrent.Future.$anonfun$map$1(Future.scala:292)
	at scala.concurrent.impl.Promise.liftedTree1$1(Promise.scala:33)
	at scala.concurrent.impl.Promise.$anonfun$transform$1(Promise.scala:33)
	at scala.concurrent.impl.CallbackRunnable.run(Promise.scala:64)
	at play.core.j.HttpExecutionContext$$anon$2.run(HttpExecutionContext.scala:79)
	at play.api.libs.streams.Execution$trampoline$.execute(Execution.scala:72)
	at play.core.j.HttpExecutionContext.execute(HttpExecutionContext.scala:71)
	at scala.concurrent.impl.CallbackRunnable.executeWithValue(Promise.scala:72)
	at scala.concurrent.impl.Promise$KeptPromise$Kept.onComplete(Promise.scala:372)
	at scala.concurrent.impl.Promise$KeptPromise$Kept.onComplete$(Promise.scala:371)
	at scala.concurrent.impl.Promise$KeptPromise$Successful.onComplete(Promise.scala:379)
	at scala.concurrent.impl.Promise.transform(Promise.scala:33)
	at scala.concurrent.impl.Promise.transform$(Promise.scala:31)
	at scala.concurrent.impl.Promise$KeptPromise$Successful.transform(Promise.scala:379)
	at scala.concurrent.Future.map(Future.scala:292)
	at scala.concurrent.Future.map$(Future.scala:292)
	at scala.concurrent.impl.Promise$KeptPromise$Successful.map(Promise.scala:379)
	at scala.concurrent.Future$.apply(Future.scala:658)
	at play.core.j.JavaAction.apply(JavaAction.scala:192)
	at play.api.mvc.Action.$anonfun$apply$2(Action.scala:98)
	at scala.concurrent.Future.$anonfun$flatMap$1(Future.scala:307)
	at scala.concurrent.impl.Promise.$anonfun$transformWith$1(Promise.scala:41)
	at scala.concurrent.impl.CallbackRunnable.run(Promise.scala:64)
	at akka.dispatch.BatchingExecutor$AbstractBatch.processBatch(BatchingExecutor.scala:55)
	at akka.dispatch.BatchingExecutor$BlockableBatch.$anonfun$run$1(BatchingExecutor.scala:92)
	at scala.runtime.java8.JFunction0$mcV$sp.apply(JFunction0$mcV$sp.java:23)
	at scala.concurrent.BlockContext$.withBlockContext(BlockContext.scala:85)
	at akka.dispatch.BatchingExecutor$BlockableBatch.run(BatchingExecutor.scala:92)
	at akka.dispatch.TaskInvocation.run(AbstractDispatcher.scala:40)
	at akka.dispatch.ForkJoinExecutorConfigurator$AkkaForkJoinTask.exec(ForkJoinExecutorConfigurator.scala:49)
	at akka.dispatch.forkjoin.ForkJoinTask.doExec(ForkJoinTask.java:260)
	at akka.dispatch.forkjoin.ForkJoinPool$WorkQueue.runTask(ForkJoinPool.java:1339)
	at akka.dispatch.forkjoin.ForkJoinPool.runWorker(ForkJoinPool.java:1979)
	at akka.dispatch.forkjoin.ForkJoinWorkerThread.run(ForkJoinWorkerThread.java:107)
Caused by: org.postgresql.util.PSQLException: ERROR: function lower(integer) does not exist
  Hint: No function matches the given name and argument types. You might need to add explicit type casts.
  Position: 45
	at org.postgresql.core.v3.QueryExecutorImpl.receiveErrorResponse(QueryExecutorImpl.java:2440)
	at org.postgresql.core.v3.QueryExecutorImpl.processResults(QueryExecutorImpl.java:2183)
	at org.postgresql.core.v3.QueryExecutorImpl.execute(QueryExecutorImpl.java:308)
	at org.postgresql.jdbc.PgStatement.executeInternal(PgStatement.java:441)
	at org.postgresql.jdbc.PgStatement.execute(PgStatement.java:365)
	at org.postgresql.jdbc.PgPreparedStatement.executeWithFlags(PgPreparedStatement.java:143)
	at org.postgresql.jdbc.PgPreparedStatement.executeUpdate(PgPreparedStatement.java:120)
	at com.zaxxer.hikari.pool.ProxyPreparedStatement.executeUpdate(ProxyPreparedStatement.java:61)
	at com.zaxxer.hikari.pool.HikariProxyPreparedStatement.executeUpdate(HikariProxyPreparedStatement.java)
	at io.ebeaninternal.server.query.CQueryUpdate.execute(CQueryUpdate.java:110)
	at io.ebeaninternal.server.query.CQueryEngine.executeUpdate(CQueryEngine.java:82)
	... 71 common frames omitted
2019-06-24 16:06:53,658 [INFO] from application in application-akka.actor.default-dispatcher-3 - Shutting down connection pool.
2019-06-24 16:06:53,800 [INFO] from play.api.db.DefaultDBApi in play-dev-mode-akka.actor.default-dispatcher-28 - Database [default] initialized at jdbc:postgresql://localhost:5432/dana-instant
2019-06-24 16:06:53,800 [INFO] from application in play-dev-mode-akka.actor.default-dispatcher-28 - Creating Pool for datasource 'default'
2019-06-24 16:06:53,906 [INFO] from play.api.http.EnabledFilters in play-dev-mode-akka.actor.default-dispatcher-28 - Enabled Filters (see <https://www.playframework.com/documentation/latest/Filters>):

    play.filters.csrf.CSRFFilter
    play.filters.headers.SecurityHeadersFilter
    play.filters.hosts.AllowedHostsFilter

2019-06-24 16:06:53,913 [INFO] from play.api.Play in play-dev-mode-akka.actor.default-dispatcher-28 - Application started (Dev) (no global state)
2019-06-24 16:06:53,963 [DEBUG] from io.ebean.SQL in application-akka.actor.default-dispatcher-2 - txn[1001] update borrower set name=?, email=? where lower(name) like ? escape'|' ; --bind(jarvis stark,jarvis.stark@stark.id,%jarvis%) rows:1
2019-06-24 16:06:53,972 [DEBUG] from io.ebean.TXN in application-akka.actor.default-dispatcher-2 - txn[1001] Commit
2019-06-24 16:06:53,973 [DEBUG] from io.ebean.SQL in application-akka.actor.default-dispatcher-2 - txn[1002] select t0.id, t0.name, t0.email from borrower t0 where lower(t0.name) like ? escape'|' ; --bind(%jarvis%)
2019-06-24 16:06:53,973 [DEBUG] from io.ebean.SUM in application-akka.actor.default-dispatcher-2 - txn[1002] FindMany type[Borrower] origin[Bu0Bn_.A.A] exeMicros[623] rows[1] predicates[lower(t0.name) like ? escape'|' ] bind[%jarvis%]
2019-06-24 16:07:02,577 [DEBUG] from io.ebean.SQL in application-akka.actor.default-dispatcher-2 - txn[1003] select t0.id, t0.name, t0.email from borrower t0; --bind()
2019-06-24 16:07:02,577 [DEBUG] from io.ebean.SUM in application-akka.actor.default-dispatcher-2 - txn[1003] FindMany type[Borrower] origin[Bu0Bn_.A.A] exeMicros[788] rows[3] predicates[] bind[]
